Copyright 1986-2015 Xilinx, Inc. All Rights Reserved.
----------------------------------------------------------------------------------------
| Tool Version     : Vivado v.2015.4 (win64) Build 1412921 Wed Nov 18 09:43:45 MST 2015
| Date             : Tue Nov 15 12:47:42 2016
| Host             : Arsany-PC running 64-bit major release  (build 9200)
| Command          : 
| Design           : Complete_Chip
| Device           : xc7a100tfgg484-2L
| Design State     : routed
| Grade            : extended
| Process          : typical
| Characterization : Production
----------------------------------------------------------------------------------------

Power Report

Table of Contents
-----------------
1. Summary
1.1 On-Chip Components
1.2 Power Supply Summary
1.3 Confidence Level
2. Settings
2.1 Environment
2.2 Clock Constraints
3. Detailed Reports
3.1 By Hierarchy

1. Summary
----------

+--------------------------+--------+
| Total On-Chip Power (W)  | 0.099  |
| Dynamic (W)              | 0.010  |
| Device Static (W)        | 0.089  |
| Effective TJA (C/W)      | 2.7    |
| Max Ambient (C)          | 99.7   |
| Junction Temperature (C) | 25.3   |
| Confidence Level         | Medium |
| Setting File             | ---    |
| Simulation Activity File | ---    |
| Design Nets Matched      | NA     |
+--------------------------+--------+


1.1 On-Chip Components
----------------------

+----------------+-----------+----------+-----------+-----------------+
| On-Chip        | Power (W) | Used     | Available | Utilization (%) |
+----------------+-----------+----------+-----------+-----------------+
| Clocks         |     0.001 |        3 |       --- |             --- |
| Slice Logic    |    <0.001 |      263 |       --- |             --- |
|   LUT as Logic |    <0.001 |       93 |     63400 |            0.15 |
|   CARRY4       |    <0.001 |       19 |     15850 |            0.12 |
|   Register     |    <0.001 |       99 |    126800 |            0.08 |
|   Others       |     0.000 |       43 |       --- |             --- |
| Signals        |    <0.001 |      191 |       --- |             --- |
| Block RAM      |     0.007 |        4 |       135 |            2.96 |
| I/O            |     0.000 |       11 |       285 |            3.86 |
| Static Power   |     0.089 |          |           |                 |
| Total          |     0.099 |          |           |                 |
+----------------+-----------+----------+-----------+-----------------+


1.2 Power Supply Summary
------------------------

+-----------+-------------+-----------+-------------+------------+
| Source    | Voltage (V) | Total (A) | Dynamic (A) | Static (A) |
+-----------+-------------+-----------+-------------+------------+
| Vccint    |       1.000 |     0.025 |       0.010 |      0.015 |
| Vccaux    |       1.800 |     0.018 |       0.000 |      0.018 |
| Vcco33    |       3.300 |     0.000 |       0.000 |      0.000 |
| Vcco25    |       2.500 |     0.000 |       0.000 |      0.000 |
| Vcco18    |       1.800 |     0.000 |       0.000 |      0.000 |
| Vcco15    |       1.500 |     0.000 |       0.000 |      0.000 |
| Vcco135   |       1.350 |     0.000 |       0.000 |      0.000 |
| Vcco12    |       1.200 |     0.004 |       0.000 |      0.004 |
| Vccaux_io |       1.800 |     0.000 |       0.000 |      0.000 |
| Vccbram   |       1.000 |     0.001 |       0.001 |      0.000 |
| MGTAVcc   |       1.000 |     0.000 |       0.000 |      0.000 |
| MGTAVtt   |       1.200 |     0.000 |       0.000 |      0.000 |
| Vccadc    |       1.800 |     0.020 |       0.000 |      0.020 |
+-----------+-------------+-----------+-------------+------------+


1.3 Confidence Level
--------------------

+-----------------------------+------------+-------------------------------------------------------+------------------------------------------------------------------------------------------------------------+
| User Input Data             | Confidence | Details                                               | Action                                                                                                     |
+-----------------------------+------------+-------------------------------------------------------+------------------------------------------------------------------------------------------------------------+
| Design implementation state | High       | Design is routed                                      |                                                                                                            |
| Clock nodes activity        | High       | User specified more than 95% of clocks                |                                                                                                            |
| I/O nodes activity          | Medium     | More than 5% of inputs are missing user specification | Provide missing input activity with simulation results or by editing the "By Resource Type -> I/Os" view   |
| Internal nodes activity     | Medium     | User specified less than 25% of internal nodes        | Provide missing internal nodes activity with simulation results or by editing the "By Resource Type" views |
| Device models               | High       | Device models are Production                          |                                                                                                            |
|                             |            |                                                       |                                                                                                            |
| Overall confidence level    | Medium     |                                                       |                                                                                                            |
+-----------------------------+------------+-------------------------------------------------------+------------------------------------------------------------------------------------------------------------+


2. Settings
-----------

2.1 Environment
---------------

+-----------------------+--------------------------+
| Ambient Temp (C)      | 25.0                     |
| ThetaJA (C/W)         | 2.7                      |
| Airflow (LFM)         | 250                      |
| Heat Sink             | medium (Medium Profile)  |
| ThetaSA (C/W)         | 4.6                      |
| Board Selection       | medium (10"x10")         |
| # of Board Layers     | 12to15 (12 to 15 Layers) |
| Board Temperature (C) | 25.0                     |
+-----------------------+--------------------------+


2.2 Clock Constraints
---------------------

+-------+--------+-----------------+
| Clock | Domain | Constraint (ns) |
+-------+--------+-----------------+
| CLK   | CLK    |            10.0 |
+-------+--------+-----------------+


3. Detailed Reports
-------------------

3.1 By Hierarchy
----------------

+---------------------------------------------------------+-----------+
| Name                                                    | Power (W) |
+---------------------------------------------------------+-----------+
| Complete_Chip                                           |     0.010 |
|   Add_A_Count                                           |    <0.001 |
|     U0                                                  |    <0.001 |
|       i_synth                                           |    <0.001 |
|         i_baseblox.i_baseblox_counter                   |    <0.001 |
|           the_addsub                                    |    <0.001 |
|             no_pipelining.the_addsub                    |    <0.001 |
|               i_lut6.i_lut6_addsub                      |    <0.001 |
|                 i_q.i_simple.qreg                       |    <0.001 |
|   Add_B_Count                                           |    <0.001 |
|     U0                                                  |    <0.001 |
|       i_synth                                           |    <0.001 |
|         i_baseblox.i_baseblox_counter                   |    <0.001 |
|           the_addsub                                    |    <0.001 |
|             no_pipelining.the_addsub                    |    <0.001 |
|               i_lut6.i_lut6_addsub                      |    <0.001 |
|                 i_q.i_simple.qreg                       |    <0.001 |
|   Conv                                                  |     0.002 |
|     Adder1                                              |    <0.001 |
|       U0                                                |    <0.001 |
|         xst_addsub                                      |    <0.001 |
|           i_baseblox.i_baseblox_addsub                  |    <0.001 |
|             no_pipelining.the_addsub                    |    <0.001 |
|               i_lut6.i_lut6_addsub                      |    <0.001 |
|                 i_q.i_simple.qreg                       |    <0.001 |
|     Adder_2                                             |    <0.001 |
|       U0                                                |    <0.001 |
|         xst_addsub                                      |    <0.001 |
|           i_baseblox.i_baseblox_addsub                  |    <0.001 |
|             no_pipelining.the_addsub                    |    <0.001 |
|               i_lut6.i_lut6_addsub                      |    <0.001 |
|     MultiBlue                                           |    <0.001 |
|       U0                                                |    <0.001 |
|         i_mult                                          |    <0.001 |
|           gCCM.iCCM                                     |    <0.001 |
|             use_ccm_core.ccm_core                       |    <0.001 |
|               b0g2.b1g4.bg[1].use_adders.a1g[1].a2g.sa1 |    <0.001 |
|     MultiGreen                                          |    <0.001 |
|       U0                                                |    <0.001 |
|         i_mult                                          |    <0.001 |
|           gCCM.iCCM                                     |    <0.001 |
|             use_ccm_core.ccm_core                       |    <0.001 |
|               b0g2.b1g4.bg[1].use_adders.a1g[1].a2g.sa1 |    <0.001 |
|     MultiRed                                            |    <0.001 |
|       U0                                                |    <0.001 |
|         i_mult                                          |    <0.001 |
|           gCCM.iCCM                                     |    <0.001 |
|             use_ccm_core.ccm_core                       |    <0.001 |
|               b0g2.b1g4.bg[1].use_adders.a1g[1].a2g.sa1 |    <0.001 |
|     Register_16Bit                                      |    <0.001 |
|   F_S_M                                                 |    <0.001 |
|   RAM_IN                                                |     0.006 |
|     U0                                                  |     0.006 |
|       inst_blk_mem_gen                                  |     0.006 |
|         gnativebmg.native_blk_mem_gen                   |     0.006 |
|           valid.cstr                                    |     0.006 |
|             ramloop[0].ram.r                            |     0.002 |
|               prim_init.ram                             |     0.002 |
|             ramloop[1].ram.r                            |     0.002 |
|               prim_init.ram                             |     0.002 |
|             ramloop[2].ram.r                            |     0.002 |
|               prim_init.ram                             |     0.002 |
|   RAM_OUT                                               |     0.001 |
|     U0                                                  |     0.001 |
|       inst_blk_mem_gen                                  |     0.001 |
|         gnativebmg.native_blk_mem_gen                   |     0.001 |
|           valid.cstr                                    |     0.001 |
|             ramloop[0].ram.r                            |     0.001 |
|               prim_noinit.ram                           |     0.001 |
+---------------------------------------------------------+-----------+


