INFO: [VRFC 10-2263] Analyzing Verilog file "C:/Users/Arsany A. Temothaws/Desktop/FPGA Project pipeline/FPGA Project pipeline/FPGA Project pipeline.sim/sim_1/impl/timing/Chip_TB_time_impl.v" into library xil_defaultlib
INFO: [VRFC 10-311] analyzing module Adder
INFO: [VRFC 10-311] analyzing module Adder2
INFO: [VRFC 10-311] analyzing module Adder2_c_addsub_v12_0_8
INFO: [VRFC 10-311] analyzing module Adder_c_addsub_v12_0_8
INFO: [VRFC 10-311] analyzing module Address_Counter
INFO: [VRFC 10-311] analyzing module Address_Counter_HD2
INFO: [VRFC 10-311] analyzing module Address_Counter_c_counter_binary_v12_0_8
INFO: [VRFC 10-311] analyzing module Address_Counter_c_counter_binary_v12_0_8_HD3
INFO: [VRFC 10-311] analyzing module Blue_Mult
INFO: [VRFC 10-311] analyzing module Blue_Mult_mult_gen_v12_0_10
INFO: [VRFC 10-311] analyzing module Complete_Chip
INFO: [VRFC 10-311] analyzing module Converter
INFO: [VRFC 10-311] analyzing module FSM
INFO: [VRFC 10-311] analyzing module Green_Mult
INFO: [VRFC 10-311] analyzing module Green_Mult_mult_gen_v12_0_10
INFO: [VRFC 10-311] analyzing module RAM_A
INFO: [VRFC 10-311] analyzing module RAM_A_blk_mem_gen_generic_cstr
INFO: [VRFC 10-311] analyzing module RAM_A_blk_mem_gen_prim_width
INFO: [VRFC 10-311] analyzing module RAM_A_blk_mem_gen_prim_width__parameterized0
INFO: [VRFC 10-311] analyzing module RAM_A_blk_mem_gen_prim_width__parameterized1
INFO: [VRFC 10-311] analyzing module RAM_A_blk_mem_gen_prim_wrapper_init
INFO: [VRFC 10-311] analyzing module RAM_A_blk_mem_gen_prim_wrapper_init__parameterized0
INFO: [VRFC 10-311] analyzing module RAM_A_blk_mem_gen_prim_wrapper_init__parameterized1
INFO: [VRFC 10-311] analyzing module RAM_A_blk_mem_gen_top
INFO: [VRFC 10-311] analyzing module RAM_A_blk_mem_gen_v8_3_1
INFO: [VRFC 10-311] analyzing module RAM_A_blk_mem_gen_v8_3_1_synth
INFO: [VRFC 10-311] analyzing module RAM_B
INFO: [VRFC 10-311] analyzing module RAM_B_blk_mem_gen_generic_cstr
INFO: [VRFC 10-311] analyzing module RAM_B_blk_mem_gen_prim_width
INFO: [VRFC 10-311] analyzing module RAM_B_blk_mem_gen_prim_wrapper
INFO: [VRFC 10-311] analyzing module RAM_B_blk_mem_gen_top
INFO: [VRFC 10-311] analyzing module RAM_B_blk_mem_gen_v8_3_1
INFO: [VRFC 10-311] analyzing module RAM_B_blk_mem_gen_v8_3_1_synth
INFO: [VRFC 10-311] analyzing module Red_Mult
INFO: [VRFC 10-311] analyzing module Red_Mult_mult_gen_v12_0_10
INFO: [VRFC 10-311] analyzing module Reg_16bit
INFO: [VRFC 10-311] analyzing module Adder2_c_addsub_v12_0_8_fabric_legacy
INFO: [VRFC 10-311] analyzing module Adder2_c_addsub_v12_0_8_legacy
INFO: [VRFC 10-311] analyzing module Adder2_c_addsub_v12_0_8_lut6_legacy
INFO: [VRFC 10-311] analyzing module Adder2_c_addsub_v12_0_8_viv
INFO: [VRFC 10-311] analyzing module Adder_c_addsub_v12_0_8_fabric_legacy
INFO: [VRFC 10-311] analyzing module Adder_c_addsub_v12_0_8_legacy
INFO: [VRFC 10-311] analyzing module Adder_c_addsub_v12_0_8_lut6_legacy
INFO: [VRFC 10-311] analyzing module Adder_c_addsub_v12_0_8_viv
INFO: [VRFC 10-311] analyzing module Address_Counter_c_addsub_v12_0_8_fabric_legacy
INFO: [VRFC 10-311] analyzing module Address_Counter_c_addsub_v12_0_8_fabric_legacy_HD7
INFO: [VRFC 10-311] analyzing module Address_Counter_c_addsub_v12_0_8_legacy
INFO: [VRFC 10-311] analyzing module Address_Counter_c_addsub_v12_0_8_legacy_HD6
INFO: [VRFC 10-311] analyzing module Address_Counter_c_addsub_v12_0_8_lut6_legacy
INFO: [VRFC 10-311] analyzing module Address_Counter_c_addsub_v12_0_8_lut6_legacy_HD8
INFO: [VRFC 10-311] analyzing module Blue_Mult_ccm
INFO: [VRFC 10-311] analyzing module Blue_Mult_ccm_operation
INFO: [VRFC 10-311] analyzing module Blue_Mult_ccm_scaled_adder
INFO: [VRFC 10-311] analyzing module Blue_Mult_mult_gen_v12_0_10_viv
INFO: [VRFC 10-311] analyzing module Green_Mult_ccm
INFO: [VRFC 10-311] analyzing module Green_Mult_ccm_operation
INFO: [VRFC 10-311] analyzing module Green_Mult_ccm_scaled_adder
INFO: [VRFC 10-311] analyzing module Green_Mult_mult_gen_v12_0_10_viv
INFO: [VRFC 10-311] analyzing module Red_Mult_ccm
INFO: [VRFC 10-311] analyzing module Red_Mult_ccm_operation
INFO: [VRFC 10-311] analyzing module Red_Mult_ccm_scaled_adder
INFO: [VRFC 10-311] analyzing module Red_Mult_mult_gen_v12_0_10_viv
INFO: [VRFC 10-311] analyzing module Address_Counter_c_counter_binary_v12_0_8_legacy
INFO: [VRFC 10-311] analyzing module Address_Counter_c_counter_binary_v12_0_8_legacy_HD5
INFO: [VRFC 10-311] analyzing module Address_Counter_c_counter_binary_v12_0_8_viv
INFO: [VRFC 10-311] analyzing module Address_Counter_c_counter_binary_v12_0_8_viv_HD4
INFO: [VRFC 10-311] analyzing module Adder_c_reg_fd_v12_0_1_viv
INFO: [VRFC 10-311] analyzing module Address_Counter_c_reg_fd_v12_0_1_viv
INFO: [VRFC 10-311] analyzing module Address_Counter_c_reg_fd_v12_0_1_viv_HD9
INFO: [VRFC 10-311] analyzing module glbl
